Files already downloaded and verified
Files already downloaded and verified
Number of classes: 10
Client 0	 Size of data: 3000	 Labels:  [0 1 2 3 4 5 6 7 8 9]
		 Samples of labels:  [(0, 300), (1, 300), (2, 300), (3, 300), (4, 300), (5, 300), (6, 300), (7, 300), (8, 300), (9, 300)]
--------------------------------------------------
Client 1	 Size of data: 3000	 Labels:  [0 1 2 3 4 5 6 7 8 9]
		 Samples of labels:  [(0, 300), (1, 300), (2, 300), (3, 300), (4, 300), (5, 300), (6, 300), (7, 300), (8, 300), (9, 300)]
--------------------------------------------------
Client 2	 Size of data: 3000	 Labels:  [0 1 2 3 4 5 6 7 8 9]
		 Samples of labels:  [(0, 300), (1, 300), (2, 300), (3, 300), (4, 300), (5, 300), (6, 300), (7, 300), (8, 300), (9, 300)]
--------------------------------------------------
Client 3	 Size of data: 3000	 Labels:  [0 1 2 3 4 5 6 7 8 9]
		 Samples of labels:  [(0, 300), (1, 300), (2, 300), (3, 300), (4, 300), (5, 300), (6, 300), (7, 300), (8, 300), (9, 300)]
--------------------------------------------------
Client 4	 Size of data: 3000	 Labels:  [0 1 2 3 4 5 6 7 8 9]
		 Samples of labels:  [(0, 300), (1, 300), (2, 300), (3, 300), (4, 300), (5, 300), (6, 300), (7, 300), (8, 300), (9, 300)]
--------------------------------------------------
Client 5	 Size of data: 3000	 Labels:  [0 1 2 3 4 5 6 7 8 9]
		 Samples of labels:  [(0, 300), (1, 300), (2, 300), (3, 300), (4, 300), (5, 300), (6, 300), (7, 300), (8, 300), (9, 300)]
--------------------------------------------------
Client 6	 Size of data: 3000	 Labels:  [0 1 2 3 4 5 6 7 8 9]
		 Samples of labels:  [(0, 300), (1, 300), (2, 300), (3, 300), (4, 300), (5, 300), (6, 300), (7, 300), (8, 300), (9, 300)]
--------------------------------------------------
Client 7	 Size of data: 3000	 Labels:  [0 1 2 3 4 5 6 7 8 9]
		 Samples of labels:  [(0, 300), (1, 300), (2, 300), (3, 300), (4, 300), (5, 300), (6, 300), (7, 300), (8, 300), (9, 300)]
--------------------------------------------------
Client 8	 Size of data: 3000	 Labels:  [0 1 2 3 4 5 6 7 8 9]
		 Samples of labels:  [(0, 300), (1, 300), (2, 300), (3, 300), (4, 300), (5, 300), (6, 300), (7, 300), (8, 300), (9, 300)]
--------------------------------------------------
Client 9	 Size of data: 3000	 Labels:  [0 1 2 3 4 5 6 7 8 9]
		 Samples of labels:  [(0, 300), (1, 300), (2, 300), (3, 300), (4, 300), (5, 300), (6, 300), (7, 300), (8, 300), (9, 300)]
--------------------------------------------------
Client 10	 Size of data: 3000	 Labels:  [0 1 2 3 4 5 6 7 8 9]
		 Samples of labels:  [(0, 300), (1, 300), (2, 300), (3, 300), (4, 300), (5, 300), (6, 300), (7, 300), (8, 300), (9, 300)]
--------------------------------------------------
Client 11	 Size of data: 3000	 Labels:  [0 1 2 3 4 5 6 7 8 9]
		 Samples of labels:  [(0, 300), (1, 300), (2, 300), (3, 300), (4, 300), (5, 300), (6, 300), (7, 300), (8, 300), (9, 300)]
--------------------------------------------------
Client 12	 Size of data: 3000	 Labels:  [0 1 2 3 4 5 6 7 8 9]
		 Samples of labels:  [(0, 300), (1, 300), (2, 300), (3, 300), (4, 300), (5, 300), (6, 300), (7, 300), (8, 300), (9, 300)]
--------------------------------------------------
Client 13	 Size of data: 3000	 Labels:  [0 1 2 3 4 5 6 7 8 9]
		 Samples of labels:  [(0, 300), (1, 300), (2, 300), (3, 300), (4, 300), (5, 300), (6, 300), (7, 300), (8, 300), (9, 300)]
--------------------------------------------------
Client 14	 Size of data: 3000	 Labels:  [0 1 2 3 4 5 6 7 8 9]
		 Samples of labels:  [(0, 300), (1, 300), (2, 300), (3, 300), (4, 300), (5, 300), (6, 300), (7, 300), (8, 300), (9, 300)]
--------------------------------------------------
Client 15	 Size of data: 3000	 Labels:  [0 1 2 3 4 5 6 7 8 9]
		 Samples of labels:  [(0, 300), (1, 300), (2, 300), (3, 300), (4, 300), (5, 300), (6, 300), (7, 300), (8, 300), (9, 300)]
--------------------------------------------------
Client 16	 Size of data: 3000	 Labels:  [0 1 2 3 4 5 6 7 8 9]
		 Samples of labels:  [(0, 300), (1, 300), (2, 300), (3, 300), (4, 300), (5, 300), (6, 300), (7, 300), (8, 300), (9, 300)]
--------------------------------------------------
Client 17	 Size of data: 3000	 Labels:  [0 1 2 3 4 5 6 7 8 9]
		 Samples of labels:  [(0, 300), (1, 300), (2, 300), (3, 300), (4, 300), (5, 300), (6, 300), (7, 300), (8, 300), (9, 300)]
--------------------------------------------------
Client 18	 Size of data: 3000	 Labels:  [0 1 2 3 4 5 6 7 8 9]
		 Samples of labels:  [(0, 300), (1, 300), (2, 300), (3, 300), (4, 300), (5, 300), (6, 300), (7, 300), (8, 300), (9, 300)]
--------------------------------------------------
Client 19	 Size of data: 3000	 Labels:  [0 1 2 3 4 5 6 7 8 9]
		 Samples of labels:  [(0, 300), (1, 300), (2, 300), (3, 300), (4, 300), (5, 300), (6, 300), (7, 300), (8, 300), (9, 300)]
--------------------------------------------------
Total number of samples: 60000
The number of train samples: [2250, 2250, 2250, 2250, 2250, 2250, 2250, 2250, 2250, 2250, 2250, 2250, 2250, 2250, 2250, 2250, 2250, 2250, 2250, 2250]
The number of test samples: [750, 750, 750, 750, 750, 750, 750, 750, 750, 750, 750, 750, 750, 750, 750, 750, 750, 750, 750, 750]

Saving to disk.

Finish generating dataset.

